{"synthetic": false,
 "schemaVersion": "2025-09-10",
 "outputs":
 {"o": ["c2ef419b645fdb97.olean"],
  "m": false,
  "i": "5acf7e28a59c6963.ilean",
  "c": "78eec355ccacb01c.c"},
 "log":
 [{"message":
   ".> LEAN_PATH=/data/Develop/lean-longfellow/.lake/packages/Cli/.lake/build/lib/lean:/data/Develop/lean-longfellow/.lake/packages/batteries/.lake/build/lib/lean:/data/Develop/lean-longfellow/.lake/packages/Qq/.lake/build/lib/lean:/data/Develop/lean-longfellow/.lake/packages/aesop/.lake/build/lib/lean:/data/Develop/lean-longfellow/.lake/packages/proofwidgets/.lake/build/lib/lean:/data/Develop/lean-longfellow/.lake/packages/importGraph/.lake/build/lib/lean:/data/Develop/lean-longfellow/.lake/packages/LeanSearchClient/.lake/build/lib/lean:/data/Develop/lean-longfellow/.lake/packages/plausible/.lake/build/lib/lean:/data/Develop/lean-longfellow/.lake/packages/mathlib/.lake/build/lib/lean:/data/Develop/lean-longfellow/.lake/build/lib/lean /home/alikvovk/.elan/toolchains/leanprover--lean4---v4.30.0-rc1/bin/lean /data/Develop/lean-longfellow/LeanLongfellow/GKR/Circuit.lean -o /data/Develop/lean-longfellow/.lake/build/lib/lean/LeanLongfellow/GKR/Circuit.olean -i /data/Develop/lean-longfellow/.lake/build/lib/lean/LeanLongfellow/GKR/Circuit.ilean -c /data/Develop/lean-longfellow/.lake/build/ir/LeanLongfellow/GKR/Circuit.c --setup /data/Develop/lean-longfellow/.lake/build/ir/LeanLongfellow/GKR/Circuit.setup.json --json",
   "level": "trace"}],
 "inputs":
 [["LeanLongfellow.GKR.Circuit:deps",
   [["deps",
     [["«lean-longfellow»/LeanLongfellow:extraDep",
       [["@«lean-longfellow»:extraDep", "00000000000006bb"]]],
      ["imports",
       [["LeanLongfellow.MLE.Defs transitive imports (legacy)",
         "e4bd5caf7aca5b51"],
        ["LeanLongfellow.MLE.Defs:importAllArts", "093be1d8271afaac"],
        ["LeanLongfellow.MLE.Eval transitive imports (legacy)",
         "af3c2e3097ffbafa"],
        ["LeanLongfellow.MLE.Eval:importAllArts", "3da068da0e0938bd"],
        ["Mathlib.Data.Fin.Tuple.Basic transitive imports (legacy)",
         "c52dc115b45ac723"],
        ["Mathlib.Data.Fin.Tuple.Basic:importAllArts", "418c2a5044ae6c14"]]]]],
    ["libs",
     [["import dynlibs", "00000000000006bb"],
      ["package external libraries", "00000000000006bb"],
      ["module dynlibs", "00000000000006bb"],
      ["module plugins", "00000000000006bb"]]]]],
  ["Lean 4.30.0, commit 714601baf118066cbf3f282361339c6d06665b2a",
   "a22979b798cee25b"],
  ["/data/Develop/lean-longfellow/LeanLongfellow/GKR/Circuit.lean",
   "9c8d90fb5576dee4"],
  ["options", [["-DautoImplicit=false", "4a85acb881fd49d0"]]],
  ["isModule: false", "feefd2a0d3a1847e"],
  ["Module.name: LeanLongfellow.GKR.Circuit", "4c8a6248e3f986a0"],
  ["Package.id?: (some lean-longfellow)", "799061dd9664657b"],
  ["Module.leanArgs: #[]", "00000000000006bb"]],
 "depHash": "75a15562600689c6"}