{"synthetic": false,
 "schemaVersion": "2025-09-10",
 "outputs":
 {"o": ["c681ab86aff039b2.olean"],
  "m": false,
  "i": "3dfdf68e634f4548.ilean",
  "c": "a7f71da0cd9f7641.c"},
 "log":
 [{"message":
   ".> LEAN_PATH=/data/Develop/lean-longfellow/.lake/packages/Cli/.lake/build/lib/lean:/data/Develop/lean-longfellow/.lake/packages/batteries/.lake/build/lib/lean:/data/Develop/lean-longfellow/.lake/packages/Qq/.lake/build/lib/lean:/data/Develop/lean-longfellow/.lake/packages/aesop/.lake/build/lib/lean:/data/Develop/lean-longfellow/.lake/packages/proofwidgets/.lake/build/lib/lean:/data/Develop/lean-longfellow/.lake/packages/importGraph/.lake/build/lib/lean:/data/Develop/lean-longfellow/.lake/packages/LeanSearchClient/.lake/build/lib/lean:/data/Develop/lean-longfellow/.lake/packages/plausible/.lake/build/lib/lean:/data/Develop/lean-longfellow/.lake/packages/mathlib/.lake/build/lib/lean:/data/Develop/lean-longfellow/.lake/build/lib/lean /home/alikvovk/.elan/toolchains/leanprover--lean4---v4.30.0-rc1/bin/lean /data/Develop/lean-longfellow/LeanLongfellow/GKR/Combining.lean -o /data/Develop/lean-longfellow/.lake/build/lib/lean/LeanLongfellow/GKR/Combining.olean -i /data/Develop/lean-longfellow/.lake/build/lib/lean/LeanLongfellow/GKR/Combining.ilean -c /data/Develop/lean-longfellow/.lake/build/ir/LeanLongfellow/GKR/Combining.c --setup /data/Develop/lean-longfellow/.lake/build/ir/LeanLongfellow/GKR/Combining.setup.json --json",
   "level": "trace"}],
 "inputs":
 [["LeanLongfellow.GKR.Combining:deps",
   [["deps",
     [["«lean-longfellow»/LeanLongfellow:extraDep",
       [["@«lean-longfellow»:extraDep", "00000000000006bb"]]],
      ["imports",
       [["LeanLongfellow.GKR.Circuit transitive imports (legacy)",
         "f6ac8caa8d9d6438"],
        ["LeanLongfellow.GKR.Circuit:importAllArts", "060b31b92c0403cb"],
        ["LeanLongfellow.MLE.Props transitive imports (legacy)",
         "c405122cdf9def50"],
        ["LeanLongfellow.MLE.Props:importAllArts", "3a109d95f77d7a62"]]]]],
    ["libs",
     [["import dynlibs", "00000000000006bb"],
      ["package external libraries", "00000000000006bb"],
      ["module dynlibs", "00000000000006bb"],
      ["module plugins", "00000000000006bb"]]]]],
  ["Lean 4.30.0, commit 714601baf118066cbf3f282361339c6d06665b2a",
   "a22979b798cee25b"],
  ["/data/Develop/lean-longfellow/LeanLongfellow/GKR/Combining.lean",
   "c7d9d0dc6512d009"],
  ["options", [["-DautoImplicit=false", "4a85acb881fd49d0"]]],
  ["isModule: false", "feefd2a0d3a1847e"],
  ["Module.name: LeanLongfellow.GKR.Combining", "2dee36244f187295"],
  ["Package.id?: (some lean-longfellow)", "799061dd9664657b"],
  ["Module.leanArgs: #[]", "00000000000006bb"]],
 "depHash": "163d64a1e7099635"}