{"synthetic": false,
 "schemaVersion": "2025-09-10",
 "outputs":
 {"o": ["017c48f3787c1109.olean"],
  "m": false,
  "i": "ef5f8d30eca3aa06.ilean",
  "c": "5631faf4d18a2c04.c"},
 "log":
 [{"message":
   ".> LEAN_PATH=/data/Develop/lean-longfellow/.lake/packages/Cli/.lake/build/lib/lean:/data/Develop/lean-longfellow/.lake/packages/batteries/.lake/build/lib/lean:/data/Develop/lean-longfellow/.lake/packages/Qq/.lake/build/lib/lean:/data/Develop/lean-longfellow/.lake/packages/aesop/.lake/build/lib/lean:/data/Develop/lean-longfellow/.lake/packages/proofwidgets/.lake/build/lib/lean:/data/Develop/lean-longfellow/.lake/packages/importGraph/.lake/build/lib/lean:/data/Develop/lean-longfellow/.lake/packages/LeanSearchClient/.lake/build/lib/lean:/data/Develop/lean-longfellow/.lake/packages/plausible/.lake/build/lib/lean:/data/Develop/lean-longfellow/.lake/packages/mathlib/.lake/build/lib/lean:/data/Develop/lean-longfellow/.lake/build/lib/lean /home/alikvovk/.elan/toolchains/leanprover--lean4---v4.30.0-rc1/bin/lean /data/Develop/lean-longfellow/LeanLongfellow/GKR/Composition.lean -o /data/Develop/lean-longfellow/.lake/build/lib/lean/LeanLongfellow/GKR/Composition.olean -i /data/Develop/lean-longfellow/.lake/build/lib/lean/LeanLongfellow/GKR/Composition.ilean -c /data/Develop/lean-longfellow/.lake/build/ir/LeanLongfellow/GKR/Composition.c --setup /data/Develop/lean-longfellow/.lake/build/ir/LeanLongfellow/GKR/Composition.setup.json --json",
   "level": "trace"},
  {"message":
   "LeanLongfellow/GKR/Composition.lean:112:0: automatically included section variable(s) unused in theorem `combine_sound`:\n  [Fintype F]\nconsider restructuring your `variable` declarations so that the variables are not in scope or explicitly omit them:\n  omit [Fintype F] in theorem ...\n\nNote: This linter can be disabled with `set_option linter.unusedSectionVars false`",
   "level": "warning"},
  {"message":
   "LeanLongfellow/GKR/Composition.lean:193:8: automatically included section variable(s) unused in theorem `_private.LeanLongfellow.GKR.Composition.0.countSat_mono'`:\n  [Field F]\nconsider restructuring your `variable` declarations so that the variables are not in scope or explicitly omit them:\n  omit [Field F] in theorem ...\n\nNote: This linter can be disabled with `set_option linter.unusedSectionVars false`",
   "level": "warning"}],
 "inputs":
 [["LeanLongfellow.GKR.Composition:deps",
   [["deps",
     [["«lean-longfellow»/LeanLongfellow:extraDep",
       [["@«lean-longfellow»:extraDep", "00000000000006bb"]]],
      ["imports",
       [["LeanLongfellow.GKR.LayerReduction transitive imports (legacy)",
         "96ea937b6ee88c24"],
        ["LeanLongfellow.GKR.LayerReduction:importAllArts", "d434ff2ff8107c97"],
        ["LeanLongfellow.GKR.Pad transitive imports (legacy)",
         "74f26a7db6e79f78"],
        ["LeanLongfellow.GKR.Pad:importAllArts", "ddca8102bc1ff4e1"],
        ["LeanLongfellow.FiatShamir.Oracle transitive imports (legacy)",
         "0ee049709c2ef2a7"],
        ["LeanLongfellow.FiatShamir.Oracle:importAllArts", "d5634e6f377bd5a2"],
        ["LeanLongfellow.Sumcheck.Soundness transitive imports (legacy)",
         "4f8ce15a32d0d145"],
        ["LeanLongfellow.Sumcheck.Soundness:importAllArts",
         "652a5f5426e1d292"]]]]],
    ["libs",
     [["import dynlibs", "00000000000006bb"],
      ["package external libraries", "00000000000006bb"],
      ["module dynlibs", "00000000000006bb"],
      ["module plugins", "00000000000006bb"]]]]],
  ["Lean 4.30.0, commit 714601baf118066cbf3f282361339c6d06665b2a",
   "a22979b798cee25b"],
  ["/data/Develop/lean-longfellow/LeanLongfellow/GKR/Composition.lean",
   "bc7fca7cd40f7d16"],
  ["options", [["-DautoImplicit=false", "4a85acb881fd49d0"]]],
  ["isModule: false", "feefd2a0d3a1847e"],
  ["Module.name: LeanLongfellow.GKR.Composition", "8b7913ec31aff305"],
  ["Package.id?: (some lean-longfellow)", "799061dd9664657b"],
  ["Module.leanArgs: #[]", "00000000000006bb"]],
 "depHash": "688e9f758ca7a8be"}