{"synthetic": false,
 "schemaVersion": "2025-09-10",
 "outputs":
 {"o": ["03527f2681df56fb.olean"],
  "m": false,
  "i": "1c69bab8dc95a444.ilean",
  "c": "581b199cd1e4bcf7.c"},
 "log":
 [{"message":
   ".> LEAN_PATH=/data/Develop/lean-longfellow/.lake/packages/Cli/.lake/build/lib/lean:/data/Develop/lean-longfellow/.lake/packages/batteries/.lake/build/lib/lean:/data/Develop/lean-longfellow/.lake/packages/Qq/.lake/build/lib/lean:/data/Develop/lean-longfellow/.lake/packages/aesop/.lake/build/lib/lean:/data/Develop/lean-longfellow/.lake/packages/proofwidgets/.lake/build/lib/lean:/data/Develop/lean-longfellow/.lake/packages/importGraph/.lake/build/lib/lean:/data/Develop/lean-longfellow/.lake/packages/LeanSearchClient/.lake/build/lib/lean:/data/Develop/lean-longfellow/.lake/packages/plausible/.lake/build/lib/lean:/data/Develop/lean-longfellow/.lake/packages/mathlib/.lake/build/lib/lean:/data/Develop/lean-longfellow/.lake/build/lib/lean /home/alikvovk/.elan/toolchains/leanprover--lean4---v4.30.0-rc1/bin/lean /data/Develop/lean-longfellow/LeanLongfellow/GKR/LayerReduction.lean -o /data/Develop/lean-longfellow/.lake/build/lib/lean/LeanLongfellow/GKR/LayerReduction.olean -i /data/Develop/lean-longfellow/.lake/build/lib/lean/LeanLongfellow/GKR/LayerReduction.ilean -c /data/Develop/lean-longfellow/.lake/build/ir/LeanLongfellow/GKR/LayerReduction.c --setup /data/Develop/lean-longfellow/.lake/build/ir/LeanLongfellow/GKR/LayerReduction.setup.json --json",
   "level": "trace"}],
 "inputs":
 [["LeanLongfellow.GKR.LayerReduction:deps",
   [["deps",
     [["«lean-longfellow»/LeanLongfellow:extraDep",
       [["@«lean-longfellow»:extraDep", "00000000000006bb"]]],
      ["imports",
       [["LeanLongfellow.GKR.Combining transitive imports (legacy)",
         "d3279e1b4d8cc6dc"],
        ["LeanLongfellow.GKR.Combining:importAllArts", "e437b4cb667d16a5"],
        ["LeanLongfellow.Sumcheck.Soundness transitive imports (legacy)",
         "4f8ce15a32d0d145"],
        ["LeanLongfellow.Sumcheck.Soundness:importAllArts",
         "652a5f5426e1d292"]]]]],
    ["libs",
     [["import dynlibs", "00000000000006bb"],
      ["package external libraries", "00000000000006bb"],
      ["module dynlibs", "00000000000006bb"],
      ["module plugins", "00000000000006bb"]]]]],
  ["Lean 4.30.0, commit 714601baf118066cbf3f282361339c6d06665b2a",
   "a22979b798cee25b"],
  ["/data/Develop/lean-longfellow/LeanLongfellow/GKR/LayerReduction.lean",
   "7b22f1d239e47cb2"],
  ["options", [["-DautoImplicit=false", "4a85acb881fd49d0"]]],
  ["isModule: false", "feefd2a0d3a1847e"],
  ["Module.name: LeanLongfellow.GKR.LayerReduction", "0cfc01221b0b2e12"],
  ["Package.id?: (some lean-longfellow)", "799061dd9664657b"],
  ["Module.leanArgs: #[]", "00000000000006bb"]],
 "depHash": "a852c70b2d6f2250"}