{"synthetic": false,
 "schemaVersion": "2025-09-10",
 "outputs":
 {"o": ["bf11fd61d1ee1706.olean"],
  "m": false,
  "i": "81090c0fe428d4fb.ilean",
  "c": "d2fd480bba2008fb.c"},
 "log":
 [{"message":
   ".> LEAN_PATH=/data/Develop/lean-longfellow/.lake/packages/Cli/.lake/build/lib/lean:/data/Develop/lean-longfellow/.lake/packages/batteries/.lake/build/lib/lean:/data/Develop/lean-longfellow/.lake/packages/Qq/.lake/build/lib/lean:/data/Develop/lean-longfellow/.lake/packages/aesop/.lake/build/lib/lean:/data/Develop/lean-longfellow/.lake/packages/proofwidgets/.lake/build/lib/lean:/data/Develop/lean-longfellow/.lake/packages/importGraph/.lake/build/lib/lean:/data/Develop/lean-longfellow/.lake/packages/LeanSearchClient/.lake/build/lib/lean:/data/Develop/lean-longfellow/.lake/packages/plausible/.lake/build/lib/lean:/data/Develop/lean-longfellow/.lake/packages/mathlib/.lake/build/lib/lean:/data/Develop/lean-longfellow/.lake/build/lib/lean /home/alikvovk/.elan/toolchains/leanprover--lean4---v4.30.0-rc1/bin/lean /data/Develop/lean-longfellow/LeanLongfellow/GKR/Pad.lean -o /data/Develop/lean-longfellow/.lake/build/lib/lean/LeanLongfellow/GKR/Pad.olean -i /data/Develop/lean-longfellow/.lake/build/lib/lean/LeanLongfellow/GKR/Pad.ilean -c /data/Develop/lean-longfellow/.lake/build/ir/LeanLongfellow/GKR/Pad.c --setup /data/Develop/lean-longfellow/.lake/build/ir/LeanLongfellow/GKR/Pad.setup.json --json",
   "level": "trace"}],
 "inputs":
 [["LeanLongfellow.GKR.Pad:deps",
   [["deps",
     [["«lean-longfellow»/LeanLongfellow:extraDep",
       [["@«lean-longfellow»:extraDep", "00000000000006bb"]]],
      ["imports",
       [["LeanLongfellow.Sumcheck.Protocol transitive imports (legacy)",
         "dcfec54e3cc9986c"],
        ["LeanLongfellow.Sumcheck.Protocol:importAllArts", "c698421fb35964b3"],
        ["Mathlib.Algebra.Polynomial.Eval.Defs transitive imports (legacy)",
         "1e563cf611ab1dea"],
        ["Mathlib.Algebra.Polynomial.Eval.Defs:importAllArts",
         "68a30f781ef9781c"],
        ["Mathlib.Tactic.LinearCombination transitive imports (legacy)",
         "7431af4d05866a42"],
        ["Mathlib.Tactic.LinearCombination:importAllArts",
         "ead595cc71aa8645"]]]]],
    ["libs",
     [["import dynlibs", "00000000000006bb"],
      ["package external libraries", "00000000000006bb"],
      ["module dynlibs", "00000000000006bb"],
      ["module plugins", "00000000000006bb"]]]]],
  ["Lean 4.30.0, commit 714601baf118066cbf3f282361339c6d06665b2a",
   "a22979b798cee25b"],
  ["/data/Develop/lean-longfellow/LeanLongfellow/GKR/Pad.lean",
   "32dae4faeaa16834"],
  ["options", [["-DautoImplicit=false", "4a85acb881fd49d0"]]],
  ["isModule: false", "feefd2a0d3a1847e"],
  ["Module.name: LeanLongfellow.GKR.Pad", "911e5ebd83dee485"],
  ["Package.id?: (some lean-longfellow)", "799061dd9664657b"],
  ["Module.leanArgs: #[]", "00000000000006bb"]],
 "depHash": "e4d4ce032bd56ae1"}