{"synthetic": false,
 "schemaVersion": "2025-09-10",
 "outputs":
 {"o": ["6c94e8df3be99d19.olean"],
  "m": false,
  "i": "1aace59cda57c71d.ilean",
  "c": "10f7b738bcc0b0d2.c"},
 "log":
 [{"message":
   ".> LEAN_PATH=/data/Develop/lean-longfellow/.lake/packages/Cli/.lake/build/lib/lean:/data/Develop/lean-longfellow/.lake/packages/batteries/.lake/build/lib/lean:/data/Develop/lean-longfellow/.lake/packages/Qq/.lake/build/lib/lean:/data/Develop/lean-longfellow/.lake/packages/aesop/.lake/build/lib/lean:/data/Develop/lean-longfellow/.lake/packages/proofwidgets/.lake/build/lib/lean:/data/Develop/lean-longfellow/.lake/packages/importGraph/.lake/build/lib/lean:/data/Develop/lean-longfellow/.lake/packages/LeanSearchClient/.lake/build/lib/lean:/data/Develop/lean-longfellow/.lake/packages/plausible/.lake/build/lib/lean:/data/Develop/lean-longfellow/.lake/packages/mathlib/.lake/build/lib/lean:/data/Develop/lean-longfellow/.lake/build/lib/lean /home/alikvovk/.elan/toolchains/leanprover--lean4---v4.30.0-rc1/bin/lean /data/Develop/lean-longfellow/LeanLongfellow/GKR/PadZK.lean -o /data/Develop/lean-longfellow/.lake/build/lib/lean/LeanLongfellow/GKR/PadZK.olean -i /data/Develop/lean-longfellow/.lake/build/lib/lean/LeanLongfellow/GKR/PadZK.ilean -c /data/Develop/lean-longfellow/.lake/build/ir/LeanLongfellow/GKR/PadZK.c --setup /data/Develop/lean-longfellow/.lake/build/ir/LeanLongfellow/GKR/PadZK.setup.json --json",
   "level": "trace"}],
 "inputs":
 [["LeanLongfellow.GKR.PadZK:deps",
   [["deps",
     [["«lean-longfellow»/LeanLongfellow:extraDep",
       [["@«lean-longfellow»:extraDep", "00000000000006bb"]]],
      ["imports",
       [["LeanLongfellow.GKR.Pad transitive imports (legacy)",
         "74f26a7db6e79f78"],
        ["LeanLongfellow.GKR.Pad:importAllArts", "ddca8102bc1ff4e1"],
        ["LeanLongfellow.Sumcheck.Protocol transitive imports (legacy)",
         "dcfec54e3cc9986c"],
        ["LeanLongfellow.Sumcheck.Protocol:importAllArts", "c698421fb35964b3"],
        ["Mathlib.Algebra.Polynomial.Eval.Defs transitive imports (legacy)",
         "1e563cf611ab1dea"],
        ["Mathlib.Algebra.Polynomial.Eval.Defs:importAllArts",
         "68a30f781ef9781c"]]]]],
    ["libs",
     [["import dynlibs", "00000000000006bb"],
      ["package external libraries", "00000000000006bb"],
      ["module dynlibs", "00000000000006bb"],
      ["module plugins", "00000000000006bb"]]]]],
  ["Lean 4.30.0, commit 714601baf118066cbf3f282361339c6d06665b2a",
   "a22979b798cee25b"],
  ["/data/Develop/lean-longfellow/LeanLongfellow/GKR/PadZK.lean",
   "f54691bc9c88089b"],
  ["options", [["-DautoImplicit=false", "4a85acb881fd49d0"]]],
  ["isModule: false", "feefd2a0d3a1847e"],
  ["Module.name: LeanLongfellow.GKR.PadZK", "21ceff7b6e356037"],
  ["Package.id?: (some lean-longfellow)", "799061dd9664657b"],
  ["Module.leanArgs: #[]", "00000000000006bb"]],
 "depHash": "6bb5c5554a0a3948"}