{"synthetic": false,
 "schemaVersion": "2025-09-10",
 "outputs":
 {"o": ["9f5cf70deba477eb.olean"],
  "m": false,
  "i": "6ea5c572a937e40e.ilean",
  "c": "5d21d35525ba8c09.c"},
 "log":
 [{"message":
   ".> LEAN_PATH=/data/Develop/lean-longfellow/.lake/packages/Cli/.lake/build/lib/lean:/data/Develop/lean-longfellow/.lake/packages/batteries/.lake/build/lib/lean:/data/Develop/lean-longfellow/.lake/packages/Qq/.lake/build/lib/lean:/data/Develop/lean-longfellow/.lake/packages/aesop/.lake/build/lib/lean:/data/Develop/lean-longfellow/.lake/packages/proofwidgets/.lake/build/lib/lean:/data/Develop/lean-longfellow/.lake/packages/importGraph/.lake/build/lib/lean:/data/Develop/lean-longfellow/.lake/packages/LeanSearchClient/.lake/build/lib/lean:/data/Develop/lean-longfellow/.lake/packages/plausible/.lake/build/lib/lean:/data/Develop/lean-longfellow/.lake/packages/mathlib/.lake/build/lib/lean:/data/Develop/lean-longfellow/.lake/build/lib/lean /home/alikvovk/.elan/toolchains/leanprover--lean4---v4.30.0-rc1/bin/lean /data/Develop/lean-longfellow/LeanLongfellow.lean -o /data/Develop/lean-longfellow/.lake/build/lib/lean/LeanLongfellow.olean -i /data/Develop/lean-longfellow/.lake/build/lib/lean/LeanLongfellow.ilean -c /data/Develop/lean-longfellow/.lake/build/ir/LeanLongfellow.c --setup /data/Develop/lean-longfellow/.lake/build/ir/LeanLongfellow.setup.json --json",
   "level": "trace"}],
 "inputs":
 [["LeanLongfellow:deps",
   [["deps",
     [["«lean-longfellow»/LeanLongfellow:extraDep",
       [["@«lean-longfellow»:extraDep", "00000000000006bb"]]],
      ["imports",
       [["LeanLongfellow.MLE.Defs transitive imports (legacy)",
         "e4bd5caf7aca5b51"],
        ["LeanLongfellow.MLE.Defs:importAllArts", "093be1d8271afaac"],
        ["LeanLongfellow.MLE.Eval transitive imports (legacy)",
         "af3c2e3097ffbafa"],
        ["LeanLongfellow.MLE.Eval:importAllArts", "3da068da0e0938bd"],
        ["LeanLongfellow.MLE.Extension transitive imports (legacy)",
         "035c946db766844f"],
        ["LeanLongfellow.MLE.Extension:importAllArts", "b79048bc0302b289"],
        ["LeanLongfellow.MLE.Props transitive imports (legacy)",
         "c405122cdf9def50"],
        ["LeanLongfellow.MLE.Props:importAllArts", "3a109d95f77d7a62"],
        ["LeanLongfellow.Sumcheck.Protocol transitive imports (legacy)",
         "dcfec54e3cc9986c"],
        ["LeanLongfellow.Sumcheck.Protocol:importAllArts", "c698421fb35964b3"],
        ["LeanLongfellow.Sumcheck.Completeness transitive imports (legacy)",
         "03276587015f99d8"],
        ["LeanLongfellow.Sumcheck.Completeness:importAllArts",
         "320c90cdf952b85d"],
        ["LeanLongfellow.Sumcheck.Soundness transitive imports (legacy)",
         "4f8ce15a32d0d145"],
        ["LeanLongfellow.Sumcheck.Soundness:importAllArts", "652a5f5426e1d292"],
        ["LeanLongfellow.Field.Basic transitive imports (legacy)",
         "37177b3ebcb8f294"],
        ["LeanLongfellow.Field.Basic:importAllArts", "8a587f8f841efc46"],
        ["LeanLongfellow.FiatShamir.Oracle transitive imports (legacy)",
         "0ee049709c2ef2a7"],
        ["LeanLongfellow.FiatShamir.Oracle:importAllArts", "d5634e6f377bd5a2"],
        ["LeanLongfellow.FiatShamir.Transform transitive imports (legacy)",
         "5b4c896480be016c"],
        ["LeanLongfellow.FiatShamir.Transform:importAllArts",
         "7de8556161e95c4b"],
        ["LeanLongfellow.FiatShamir.Soundness transitive imports (legacy)",
         "8e615e804c58c5bb"],
        ["LeanLongfellow.FiatShamir.Soundness:importAllArts",
         "96dd6f5f538c75f0"]]]]],
    ["libs",
     [["import dynlibs", "00000000000006bb"],
      ["package external libraries", "00000000000006bb"],
      ["module dynlibs", "00000000000006bb"],
      ["module plugins", "00000000000006bb"]]]]],
  ["Lean 4.30.0, commit 714601baf118066cbf3f282361339c6d06665b2a",
   "a22979b798cee25b"],
  ["/data/Develop/lean-longfellow/LeanLongfellow.lean", "f6e8e0941dd26a23"],
  ["options", [["-DautoImplicit=false", "4a85acb881fd49d0"]]],
  ["isModule: false", "feefd2a0d3a1847e"],
  ["Module.name: LeanLongfellow", "41551703fdfb5191"],
  ["Package.id?: (some lean-longfellow)", "799061dd9664657b"],
  ["Module.leanArgs: #[]", "00000000000006bb"]],
 "depHash": "3628a0d90c3993a1"}