{"synthetic": false,
 "schemaVersion": "2025-09-10",
 "outputs":
 {"o": ["dd1f4abb80780710.olean"],
  "m": false,
  "i": "cb3c90c5b30a74fd.ilean",
  "c": "219cfc86da55ddde.c"},
 "log":
 [{"message":
   ".> LEAN_PATH=/data/Develop/lean-longfellow/.lake/packages/Cli/.lake/build/lib/lean:/data/Develop/lean-longfellow/.lake/packages/batteries/.lake/build/lib/lean:/data/Develop/lean-longfellow/.lake/packages/Qq/.lake/build/lib/lean:/data/Develop/lean-longfellow/.lake/packages/aesop/.lake/build/lib/lean:/data/Develop/lean-longfellow/.lake/packages/proofwidgets/.lake/build/lib/lean:/data/Develop/lean-longfellow/.lake/packages/importGraph/.lake/build/lib/lean:/data/Develop/lean-longfellow/.lake/packages/LeanSearchClient/.lake/build/lib/lean:/data/Develop/lean-longfellow/.lake/packages/plausible/.lake/build/lib/lean:/data/Develop/lean-longfellow/.lake/packages/mathlib/.lake/build/lib/lean:/data/Develop/lean-longfellow/.lake/build/lib/lean /home/alikvovk/.elan/toolchains/leanprover--lean4---v4.30.0-rc1/bin/lean /data/Develop/lean-longfellow/LeanLongfellow/MLE/Defs.lean -o /data/Develop/lean-longfellow/.lake/build/lib/lean/LeanLongfellow/MLE/Defs.olean -i /data/Develop/lean-longfellow/.lake/build/lib/lean/LeanLongfellow/MLE/Defs.ilean -c /data/Develop/lean-longfellow/.lake/build/ir/LeanLongfellow/MLE/Defs.c --setup /data/Develop/lean-longfellow/.lake/build/ir/LeanLongfellow/MLE/Defs.setup.json --json",
   "level": "trace"}],
 "inputs":
 [["LeanLongfellow.MLE.Defs:deps",
   [["deps",
     [["«lean-longfellow»/LeanLongfellow:extraDep",
       [["@«lean-longfellow»:extraDep", "00000000000006bb"]]],
      ["imports",
       [["Mathlib.Data.Fintype.Pi transitive imports (legacy)",
         "12d8f560eafb6282"],
        ["Mathlib.Data.Fintype.Pi:importAllArts", "b6764d6ba2d42b82"],
        ["Mathlib.Algebra.BigOperators.Group.Finset.Basic transitive imports (legacy)",
         "5e8116fe33be500a"],
        ["Mathlib.Algebra.BigOperators.Group.Finset.Basic:importAllArts",
         "b12a720d62f5b73c"],
        ["Mathlib.Algebra.Field.Defs transitive imports (legacy)",
         "ecbc25d253b57445"],
        ["Mathlib.Algebra.Field.Defs:importAllArts", "79c20ca11acb8ace"]]]]],
    ["libs",
     [["import dynlibs", "00000000000006bb"],
      ["package external libraries", "00000000000006bb"],
      ["module dynlibs", "00000000000006bb"],
      ["module plugins", "00000000000006bb"]]]]],
  ["Lean 4.30.0, commit 714601baf118066cbf3f282361339c6d06665b2a",
   "a22979b798cee25b"],
  ["/data/Develop/lean-longfellow/LeanLongfellow/MLE/Defs.lean",
   "05a864fb59b968ef"],
  ["options", [["-DautoImplicit=false", "4a85acb881fd49d0"]]],
  ["isModule: false", "feefd2a0d3a1847e"],
  ["Module.name: LeanLongfellow.MLE.Defs", "282b5f8917ae5547"],
  ["Package.id?: (some lean-longfellow)", "799061dd9664657b"],
  ["Module.leanArgs: #[]", "00000000000006bb"]],
 "depHash": "da9816aa2d71704e"}