{"synthetic": false,
 "schemaVersion": "2025-09-10",
 "outputs":
 {"o": ["7a32831b8f4f4ffc.olean"],
  "m": false,
  "i": "6660fce9639eb9fb.ilean",
  "c": "a48757136cad0ad5.c"},
 "log":
 [{"message":
   ".> LEAN_PATH=/data/Develop/lean-longfellow/.lake/packages/Cli/.lake/build/lib/lean:/data/Develop/lean-longfellow/.lake/packages/batteries/.lake/build/lib/lean:/data/Develop/lean-longfellow/.lake/packages/Qq/.lake/build/lib/lean:/data/Develop/lean-longfellow/.lake/packages/aesop/.lake/build/lib/lean:/data/Develop/lean-longfellow/.lake/packages/proofwidgets/.lake/build/lib/lean:/data/Develop/lean-longfellow/.lake/packages/importGraph/.lake/build/lib/lean:/data/Develop/lean-longfellow/.lake/packages/LeanSearchClient/.lake/build/lib/lean:/data/Develop/lean-longfellow/.lake/packages/plausible/.lake/build/lib/lean:/data/Develop/lean-longfellow/.lake/packages/mathlib/.lake/build/lib/lean:/data/Develop/lean-longfellow/.lake/build/lib/lean /home/alikvovk/.elan/toolchains/leanprover--lean4---v4.30.0-rc1/bin/lean /data/Develop/lean-longfellow/LeanLongfellow/MLE/Extension.lean -o /data/Develop/lean-longfellow/.lake/build/lib/lean/LeanLongfellow/MLE/Extension.olean -i /data/Develop/lean-longfellow/.lake/build/lib/lean/LeanLongfellow/MLE/Extension.ilean -c /data/Develop/lean-longfellow/.lake/build/ir/LeanLongfellow/MLE/Extension.c --setup /data/Develop/lean-longfellow/.lake/build/ir/LeanLongfellow/MLE/Extension.setup.json --json",
   "level": "trace"}],
 "inputs":
 [["LeanLongfellow.MLE.Extension:deps",
   [["deps",
     [["«lean-longfellow»/LeanLongfellow:extraDep",
       [["@«lean-longfellow»:extraDep", "00000000000006bb"]]],
      ["imports",
       [["LeanLongfellow.MLE.Eval transitive imports (legacy)",
         "af3c2e3097ffbafa"],
        ["LeanLongfellow.MLE.Eval:importAllArts", "3da068da0e0938bd"]]]]],
    ["libs",
     [["import dynlibs", "00000000000006bb"],
      ["package external libraries", "00000000000006bb"],
      ["module dynlibs", "00000000000006bb"],
      ["module plugins", "00000000000006bb"]]]]],
  ["Lean 4.30.0, commit 714601baf118066cbf3f282361339c6d06665b2a",
   "a22979b798cee25b"],
  ["/data/Develop/lean-longfellow/LeanLongfellow/MLE/Extension.lean",
   "e1fabc1415cbaaff"],
  ["options", [["-DautoImplicit=false", "4a85acb881fd49d0"]]],
  ["isModule: false", "feefd2a0d3a1847e"],
  ["Module.name: LeanLongfellow.MLE.Extension", "3c22c44fd9df6200"],
  ["Package.id?: (some lean-longfellow)", "799061dd9664657b"],
  ["Module.leanArgs: #[]", "00000000000006bb"]],
 "depHash": "25ccfd31b0e9512c"}