{"synthetic": false,
 "schemaVersion": "2025-09-10",
 "outputs":
 {"o": ["3c400ce885da1899.olean"],
  "m": false,
  "i": "7b6d8a2a5a915b02.ilean",
  "c": "6c6ed33585f92755.c"},
 "log":
 [{"message":
   ".> LEAN_PATH=/data/Develop/lean-longfellow/.lake/packages/Cli/.lake/build/lib/lean:/data/Develop/lean-longfellow/.lake/packages/batteries/.lake/build/lib/lean:/data/Develop/lean-longfellow/.lake/packages/Qq/.lake/build/lib/lean:/data/Develop/lean-longfellow/.lake/packages/aesop/.lake/build/lib/lean:/data/Develop/lean-longfellow/.lake/packages/proofwidgets/.lake/build/lib/lean:/data/Develop/lean-longfellow/.lake/packages/importGraph/.lake/build/lib/lean:/data/Develop/lean-longfellow/.lake/packages/LeanSearchClient/.lake/build/lib/lean:/data/Develop/lean-longfellow/.lake/packages/plausible/.lake/build/lib/lean:/data/Develop/lean-longfellow/.lake/packages/mathlib/.lake/build/lib/lean:/data/Develop/lean-longfellow/.lake/build/lib/lean /home/alikvovk/.elan/toolchains/leanprover--lean4---v4.30.0-rc1/bin/lean /data/Develop/lean-longfellow/LeanLongfellow/MLE/Props.lean -o /data/Develop/lean-longfellow/.lake/build/lib/lean/LeanLongfellow/MLE/Props.olean -i /data/Develop/lean-longfellow/.lake/build/lib/lean/LeanLongfellow/MLE/Props.ilean -c /data/Develop/lean-longfellow/.lake/build/ir/LeanLongfellow/MLE/Props.c --setup /data/Develop/lean-longfellow/.lake/build/ir/LeanLongfellow/MLE/Props.setup.json --json",
   "level": "trace"}],
 "inputs":
 [["LeanLongfellow.MLE.Props:deps",
   [["deps",
     [["«lean-longfellow»/LeanLongfellow:extraDep",
       [["@«lean-longfellow»:extraDep", "00000000000006bb"]]],
      ["imports",
       [["LeanLongfellow.MLE.Eval transitive imports (legacy)",
         "af3c2e3097ffbafa"],
        ["LeanLongfellow.MLE.Eval:importAllArts", "3da068da0e0938bd"],
        ["Mathlib.Algebra.Polynomial.Degree.Defs transitive imports (legacy)",
         "a841f6599ba001b8"],
        ["Mathlib.Algebra.Polynomial.Degree.Defs:importAllArts",
         "65284ac3e2f9bed7"]]]]],
    ["libs",
     [["import dynlibs", "00000000000006bb"],
      ["package external libraries", "00000000000006bb"],
      ["module dynlibs", "00000000000006bb"],
      ["module plugins", "00000000000006bb"]]]]],
  ["Lean 4.30.0, commit 714601baf118066cbf3f282361339c6d06665b2a",
   "a22979b798cee25b"],
  ["/data/Develop/lean-longfellow/LeanLongfellow/MLE/Props.lean",
   "ad62564794e9c138"],
  ["options", [["-DautoImplicit=false", "4a85acb881fd49d0"]]],
  ["isModule: false", "feefd2a0d3a1847e"],
  ["Module.name: LeanLongfellow.MLE.Props", "33b6c3d7a3fc4dad"],
  ["Package.id?: (some lean-longfellow)", "799061dd9664657b"],
  ["Module.leanArgs: #[]", "00000000000006bb"]],
 "depHash": "7835df2d09993098"}