{"synthetic": false,
 "schemaVersion": "2025-09-10",
 "outputs":
 {"o": ["a094e6898683e6b4.olean"],
  "m": false,
  "i": "cb4a5ac75ed6de0c.ilean",
  "c": "f7ae23ebe16348e4.c"},
 "log":
 [{"message":
   ".> LEAN_PATH=/data/Develop/lean-longfellow/.lake/packages/Cli/.lake/build/lib/lean:/data/Develop/lean-longfellow/.lake/packages/batteries/.lake/build/lib/lean:/data/Develop/lean-longfellow/.lake/packages/Qq/.lake/build/lib/lean:/data/Develop/lean-longfellow/.lake/packages/aesop/.lake/build/lib/lean:/data/Develop/lean-longfellow/.lake/packages/proofwidgets/.lake/build/lib/lean:/data/Develop/lean-longfellow/.lake/packages/importGraph/.lake/build/lib/lean:/data/Develop/lean-longfellow/.lake/packages/LeanSearchClient/.lake/build/lib/lean:/data/Develop/lean-longfellow/.lake/packages/plausible/.lake/build/lib/lean:/data/Develop/lean-longfellow/.lake/packages/mathlib/.lake/build/lib/lean:/data/Develop/lean-longfellow/.lake/build/lib/lean /home/alikvovk/.elan/toolchains/leanprover--lean4---v4.30.0-rc1/bin/lean /data/Develop/lean-longfellow/LeanLongfellow/Sumcheck/Completeness.lean -o /data/Develop/lean-longfellow/.lake/build/lib/lean/LeanLongfellow/Sumcheck/Completeness.olean -i /data/Develop/lean-longfellow/.lake/build/lib/lean/LeanLongfellow/Sumcheck/Completeness.ilean -c /data/Develop/lean-longfellow/.lake/build/ir/LeanLongfellow/Sumcheck/Completeness.c --setup /data/Develop/lean-longfellow/.lake/build/ir/LeanLongfellow/Sumcheck/Completeness.setup.json --json",
   "level": "trace"}],
 "inputs":
 [["LeanLongfellow.Sumcheck.Completeness:deps",
   [["deps",
     [["«lean-longfellow»/LeanLongfellow:extraDep",
       [["@«lean-longfellow»:extraDep", "00000000000006bb"]]],
      ["imports",
       [["LeanLongfellow.Sumcheck.Protocol transitive imports (legacy)",
         "dcfec54e3cc9986c"],
        ["LeanLongfellow.Sumcheck.Protocol:importAllArts",
         "c698421fb35964b3"]]]]],
    ["libs",
     [["import dynlibs", "00000000000006bb"],
      ["package external libraries", "00000000000006bb"],
      ["module dynlibs", "00000000000006bb"],
      ["module plugins", "00000000000006bb"]]]]],
  ["Lean 4.30.0, commit 714601baf118066cbf3f282361339c6d06665b2a",
   "a22979b798cee25b"],
  ["/data/Develop/lean-longfellow/LeanLongfellow/Sumcheck/Completeness.lean",
   "e0969ebc46ea2383"],
  ["options", [["-DautoImplicit=false", "4a85acb881fd49d0"]]],
  ["isModule: false", "feefd2a0d3a1847e"],
  ["Module.name: LeanLongfellow.Sumcheck.Completeness", "2139c57437f9c54f"],
  ["Package.id?: (some lean-longfellow)", "799061dd9664657b"],
  ["Module.leanArgs: #[]", "00000000000006bb"]],
 "depHash": "d1937f2f6807593c"}