{"synthetic": false,
 "schemaVersion": "2025-09-10",
 "outputs":
 {"o": ["c2a80cd2283d28af.olean"],
  "m": false,
  "i": "0f483d1ba682f079.ilean",
  "c": "2ebeafaade0784bb.c"},
 "log":
 [{"message":
   ".> LEAN_PATH=/data/Develop/lean-longfellow/.lake/packages/Cli/.lake/build/lib/lean:/data/Develop/lean-longfellow/.lake/packages/batteries/.lake/build/lib/lean:/data/Develop/lean-longfellow/.lake/packages/Qq/.lake/build/lib/lean:/data/Develop/lean-longfellow/.lake/packages/aesop/.lake/build/lib/lean:/data/Develop/lean-longfellow/.lake/packages/proofwidgets/.lake/build/lib/lean:/data/Develop/lean-longfellow/.lake/packages/importGraph/.lake/build/lib/lean:/data/Develop/lean-longfellow/.lake/packages/LeanSearchClient/.lake/build/lib/lean:/data/Develop/lean-longfellow/.lake/packages/plausible/.lake/build/lib/lean:/data/Develop/lean-longfellow/.lake/packages/mathlib/.lake/build/lib/lean:/data/Develop/lean-longfellow/.lake/build/lib/lean /home/alikvovk/.elan/toolchains/leanprover--lean4---v4.30.0-rc1/bin/lean /data/Develop/lean-longfellow/LeanLongfellow/Sumcheck/Soundness.lean -o /data/Develop/lean-longfellow/.lake/build/lib/lean/LeanLongfellow/Sumcheck/Soundness.olean -i /data/Develop/lean-longfellow/.lake/build/lib/lean/LeanLongfellow/Sumcheck/Soundness.ilean -c /data/Develop/lean-longfellow/.lake/build/ir/LeanLongfellow/Sumcheck/Soundness.c --setup /data/Develop/lean-longfellow/.lake/build/ir/LeanLongfellow/Sumcheck/Soundness.setup.json --json",
   "level": "trace"}],
 "inputs":
 [["LeanLongfellow.Sumcheck.Soundness:deps",
   [["deps",
     [["«lean-longfellow»/LeanLongfellow:extraDep",
       [["@«lean-longfellow»:extraDep", "00000000000006bb"]]],
      ["imports",
       [["LeanLongfellow.Sumcheck.Protocol transitive imports (legacy)",
         "dcfec54e3cc9986c"],
        ["LeanLongfellow.Sumcheck.Protocol:importAllArts", "c698421fb35964b3"],
        ["LeanLongfellow.Sumcheck.Completeness transitive imports (legacy)",
         "03276587015f99d8"],
        ["LeanLongfellow.Sumcheck.Completeness:importAllArts",
         "320c90cdf952b85d"],
        ["Mathlib.Algebra.Polynomial.Roots transitive imports (legacy)",
         "0849f5ee79e9f033"],
        ["Mathlib.Algebra.Polynomial.Roots:importAllArts",
         "02542b35c628fc64"]]]]],
    ["libs",
     [["import dynlibs", "00000000000006bb"],
      ["package external libraries", "00000000000006bb"],
      ["module dynlibs", "00000000000006bb"],
      ["module plugins", "00000000000006bb"]]]]],
  ["Lean 4.30.0, commit 714601baf118066cbf3f282361339c6d06665b2a",
   "a22979b798cee25b"],
  ["/data/Develop/lean-longfellow/LeanLongfellow/Sumcheck/Soundness.lean",
   "f4f88aef97db59fd"],
  ["options", [["-DautoImplicit=false", "4a85acb881fd49d0"]]],
  ["isModule: false", "feefd2a0d3a1847e"],
  ["Module.name: LeanLongfellow.Sumcheck.Soundness", "4abb9e5a553bdf45"],
  ["Package.id?: (some lean-longfellow)", "799061dd9664657b"],
  ["Module.leanArgs: #[]", "00000000000006bb"]],
 "depHash": "ebfe89137c90c320"}