{"synthetic": false,
 "schemaVersion": "2025-09-10",
 "outputs":
 {"o": ["04e2543966f5e9a1.olean"],
  "m": false,
  "i": "2de257399132a901.ilean",
  "c": "1e3c08209ad9777d.c"},
 "log":
 [{"message":
   ".> LEAN_PATH=/data/Develop/lean-longfellow/.lake/packages/Cli/.lake/build/lib/lean:/data/Develop/lean-longfellow/.lake/packages/batteries/.lake/build/lib/lean:/data/Develop/lean-longfellow/.lake/packages/Qq/.lake/build/lib/lean:/data/Develop/lean-longfellow/.lake/packages/aesop/.lake/build/lib/lean:/data/Develop/lean-longfellow/.lake/packages/proofwidgets/.lake/build/lib/lean:/data/Develop/lean-longfellow/.lake/packages/importGraph/.lake/build/lib/lean:/data/Develop/lean-longfellow/.lake/packages/LeanSearchClient/.lake/build/lib/lean:/data/Develop/lean-longfellow/.lake/packages/plausible/.lake/build/lib/lean:/data/Develop/lean-longfellow/.lake/packages/mathlib/.lake/build/lib/lean:/data/Develop/lean-longfellow/.lake/build/lib/lean /home/alikvovk/.elan/toolchains/leanprover--lean4---v4.30.0-rc1/bin/lean /data/Develop/lean-longfellow/LeanLongfellow/Field/Basic.lean -o /data/Develop/lean-longfellow/.lake/build/lib/lean/LeanLongfellow/Field/Basic.olean -i /data/Develop/lean-longfellow/.lake/build/lib/lean/LeanLongfellow/Field/Basic.ilean -c /data/Develop/lean-longfellow/.lake/build/ir/LeanLongfellow/Field/Basic.c --setup /data/Develop/lean-longfellow/.lake/build/ir/LeanLongfellow/Field/Basic.setup.json --json",
   "level": "trace"}],
 "inputs":
 [["LeanLongfellow.Field.Basic:deps",
   [["deps",
     [["«lean-longfellow»/LeanLongfellow:extraDep",
       [["@«lean-longfellow»:extraDep", "00000000000006bb"]]],
      ["imports",
       [["LeanLongfellow.MLE.Defs transitive imports (legacy)",
         "e4bd5caf7aca5b51"],
        ["LeanLongfellow.MLE.Defs:importAllArts", "093be1d8271afaac"],
        ["LeanLongfellow.MLE.Eval transitive imports (legacy)",
         "af3c2e3097ffbafa"],
        ["LeanLongfellow.MLE.Eval:importAllArts", "3da068da0e0938bd"],
        ["LeanLongfellow.MLE.Props transitive imports (legacy)",
         "c405122cdf9def50"],
        ["LeanLongfellow.MLE.Props:importAllArts", "3a109d95f77d7a62"],
        ["Mathlib.Algebra.Field.ZMod transitive imports (legacy)",
         "6347b76a32d85331"],
        ["Mathlib.Algebra.Field.ZMod:importAllArts", "7d60f838e4b755a2"]]]]],
    ["libs",
     [["import dynlibs", "00000000000006bb"],
      ["package external libraries", "00000000000006bb"],
      ["module dynlibs", "00000000000006bb"],
      ["module plugins", "00000000000006bb"]]]]],
  ["Lean 4.30.0, commit 714601baf118066cbf3f282361339c6d06665b2a",
   "a22979b798cee25b"],
  ["/data/Develop/lean-longfellow/LeanLongfellow/Field/Basic.lean",
   "ebd75a52f11f7319"],
  ["options", [["-DautoImplicit=false", "4a85acb881fd49d0"]]],
  ["isModule: false", "feefd2a0d3a1847e"],
  ["Module.name: LeanLongfellow.Field.Basic", "b0b0b08d4b92f8b1"],
  ["Package.id?: (some lean-longfellow)", "799061dd9664657b"],
  ["Module.leanArgs: #[]", "00000000000006bb"]],
 "depHash": "ff8083ce98ed014a"}