{"synthetic": false,
 "schemaVersion": "2025-09-10",
 "outputs":
 {"o": ["60e5ed1c598fa4eb.olean"],
  "m": false,
  "i": "bd4c7d0f22dee425.ilean",
  "c": "2fb81d94ea2c9f92.c"},
 "log":
 [{"message":
   ".> LEAN_PATH=/data/Develop/lean-longfellow/.lake/packages/Cli/.lake/build/lib/lean:/data/Develop/lean-longfellow/.lake/packages/batteries/.lake/build/lib/lean:/data/Develop/lean-longfellow/.lake/packages/Qq/.lake/build/lib/lean:/data/Develop/lean-longfellow/.lake/packages/aesop/.lake/build/lib/lean:/data/Develop/lean-longfellow/.lake/packages/proofwidgets/.lake/build/lib/lean:/data/Develop/lean-longfellow/.lake/packages/importGraph/.lake/build/lib/lean:/data/Develop/lean-longfellow/.lake/packages/LeanSearchClient/.lake/build/lib/lean:/data/Develop/lean-longfellow/.lake/packages/plausible/.lake/build/lib/lean:/data/Develop/lean-longfellow/.lake/packages/mathlib/.lake/build/lib/lean:/data/Develop/lean-longfellow/.lake/build/lib/lean /home/alikvovk/.elan/toolchains/leanprover--lean4---v4.30.0-rc1/bin/lean /data/Develop/lean-longfellow/LeanLongfellow/FiatShamir/Oracle.lean -o /data/Develop/lean-longfellow/.lake/build/lib/lean/LeanLongfellow/FiatShamir/Oracle.olean -i /data/Develop/lean-longfellow/.lake/build/lib/lean/LeanLongfellow/FiatShamir/Oracle.ilean -c /data/Develop/lean-longfellow/.lake/build/ir/LeanLongfellow/FiatShamir/Oracle.c --setup /data/Develop/lean-longfellow/.lake/build/ir/LeanLongfellow/FiatShamir/Oracle.setup.json --json",
   "level": "trace"}],
 "inputs":
 [["LeanLongfellow.FiatShamir.Oracle:deps",
   [["deps",
     [["«lean-longfellow»/LeanLongfellow:extraDep",
       [["@«lean-longfellow»:extraDep", "00000000000006bb"]]],
      ["imports",
       [["Mathlib.Data.Fintype.Pi transitive imports (legacy)",
         "12d8f560eafb6282"],
        ["Mathlib.Data.Fintype.Pi:importAllArts", "b6764d6ba2d42b82"],
        ["Mathlib.Data.Fintype.Prod transitive imports (legacy)",
         "21074d3d9bccaa78"],
        ["Mathlib.Data.Fintype.Prod:importAllArts", "879559a6fdc52e59"],
        ["Mathlib.Data.Fin.Tuple.Basic transitive imports (legacy)",
         "c52dc115b45ac723"],
        ["Mathlib.Data.Fin.Tuple.Basic:importAllArts", "418c2a5044ae6c14"],
        ["Mathlib.Algebra.BigOperators.Group.Finset.Basic transitive imports (legacy)",
         "5e8116fe33be500a"],
        ["Mathlib.Algebra.BigOperators.Group.Finset.Basic:importAllArts",
         "b12a720d62f5b73c"],
        ["Mathlib.Algebra.Field.Defs transitive imports (legacy)",
         "ecbc25d253b57445"],
        ["Mathlib.Algebra.Field.Defs:importAllArts", "79c20ca11acb8ace"],
        ["Mathlib.Algebra.Polynomial.Roots transitive imports (legacy)",
         "0849f5ee79e9f033"],
        ["Mathlib.Algebra.Polynomial.Roots:importAllArts",
         "02542b35c628fc64"]]]]],
    ["libs",
     [["import dynlibs", "00000000000006bb"],
      ["package external libraries", "00000000000006bb"],
      ["module dynlibs", "00000000000006bb"],
      ["module plugins", "00000000000006bb"]]]]],
  ["Lean 4.30.0, commit 714601baf118066cbf3f282361339c6d06665b2a",
   "a22979b798cee25b"],
  ["/data/Develop/lean-longfellow/LeanLongfellow/FiatShamir/Oracle.lean",
   "3fd323dac3a98568"],
  ["options", [["-DautoImplicit=false", "4a85acb881fd49d0"]]],
  ["isModule: false", "feefd2a0d3a1847e"],
  ["Module.name: LeanLongfellow.FiatShamir.Oracle", "964ae71d71886a60"],
  ["Package.id?: (some lean-longfellow)", "799061dd9664657b"],
  ["Module.leanArgs: #[]", "00000000000006bb"]],
 "depHash": "35364eaf0466f31a"}