{"synthetic": false,
 "schemaVersion": "2025-09-10",
 "outputs":
 {"o": ["f922441976255390.olean"],
  "m": false,
  "i": "a13f7a2e1967c762.ilean",
  "c": "7af4c21c32f572ad.c"},
 "log":
 [{"message":
   ".> LEAN_PATH=/data/Develop/lean-longfellow/.lake/packages/Cli/.lake/build/lib/lean:/data/Develop/lean-longfellow/.lake/packages/batteries/.lake/build/lib/lean:/data/Develop/lean-longfellow/.lake/packages/Qq/.lake/build/lib/lean:/data/Develop/lean-longfellow/.lake/packages/aesop/.lake/build/lib/lean:/data/Develop/lean-longfellow/.lake/packages/proofwidgets/.lake/build/lib/lean:/data/Develop/lean-longfellow/.lake/packages/importGraph/.lake/build/lib/lean:/data/Develop/lean-longfellow/.lake/packages/LeanSearchClient/.lake/build/lib/lean:/data/Develop/lean-longfellow/.lake/packages/plausible/.lake/build/lib/lean:/data/Develop/lean-longfellow/.lake/packages/mathlib/.lake/build/lib/lean:/data/Develop/lean-longfellow/.lake/build/lib/lean /home/alikvovk/.elan/toolchains/leanprover--lean4---v4.30.0-rc1/bin/lean /data/Develop/lean-longfellow/LeanLongfellow/FiatShamir/Soundness.lean -o /data/Develop/lean-longfellow/.lake/build/lib/lean/LeanLongfellow/FiatShamir/Soundness.olean -i /data/Develop/lean-longfellow/.lake/build/lib/lean/LeanLongfellow/FiatShamir/Soundness.ilean -c /data/Develop/lean-longfellow/.lake/build/ir/LeanLongfellow/FiatShamir/Soundness.c --setup /data/Develop/lean-longfellow/.lake/build/ir/LeanLongfellow/FiatShamir/Soundness.setup.json --json",
   "level": "trace"}],
 "inputs":
 [["LeanLongfellow.FiatShamir.Soundness:deps",
   [["deps",
     [["«lean-longfellow»/LeanLongfellow:extraDep",
       [["@«lean-longfellow»:extraDep", "00000000000006bb"]]],
      ["imports",
       [["LeanLongfellow.FiatShamir.Oracle transitive imports (legacy)",
         "0ee049709c2ef2a7"],
        ["LeanLongfellow.FiatShamir.Oracle:importAllArts", "d5634e6f377bd5a2"],
        ["LeanLongfellow.FiatShamir.Transform transitive imports (legacy)",
         "5b4c896480be016c"],
        ["LeanLongfellow.FiatShamir.Transform:importAllArts",
         "7de8556161e95c4b"],
        ["LeanLongfellow.Sumcheck.Soundness transitive imports (legacy)",
         "4f8ce15a32d0d145"],
        ["LeanLongfellow.Sumcheck.Soundness:importAllArts", "652a5f5426e1d292"],
        ["LeanLongfellow.MLE.Props transitive imports (legacy)",
         "c405122cdf9def50"],
        ["LeanLongfellow.MLE.Props:importAllArts", "3a109d95f77d7a62"]]]]],
    ["libs",
     [["import dynlibs", "00000000000006bb"],
      ["package external libraries", "00000000000006bb"],
      ["module dynlibs", "00000000000006bb"],
      ["module plugins", "00000000000006bb"]]]]],
  ["Lean 4.30.0, commit 714601baf118066cbf3f282361339c6d06665b2a",
   "a22979b798cee25b"],
  ["/data/Develop/lean-longfellow/LeanLongfellow/FiatShamir/Soundness.lean",
   "358292818bd7217f"],
  ["options", [["-DautoImplicit=false", "4a85acb881fd49d0"]]],
  ["isModule: false", "feefd2a0d3a1847e"],
  ["Module.name: LeanLongfellow.FiatShamir.Soundness", "1e52da8ec7454e73"],
  ["Package.id?: (some lean-longfellow)", "799061dd9664657b"],
  ["Module.leanArgs: #[]", "00000000000006bb"]],
 "depHash": "3fe203c630d9a1a5"}