{"synthetic": false,
 "schemaVersion": "2025-09-10",
 "outputs":
 {"o": ["47fb77bf5f497e11.olean"],
  "m": false,
  "i": "5bcd2f83d6ae3546.ilean",
  "c": "bd154d921a6c102a.c"},
 "log":
 [{"message":
   ".> LEAN_PATH=/data/Develop/lean-longfellow/.lake/packages/Cli/.lake/build/lib/lean:/data/Develop/lean-longfellow/.lake/packages/batteries/.lake/build/lib/lean:/data/Develop/lean-longfellow/.lake/packages/Qq/.lake/build/lib/lean:/data/Develop/lean-longfellow/.lake/packages/aesop/.lake/build/lib/lean:/data/Develop/lean-longfellow/.lake/packages/proofwidgets/.lake/build/lib/lean:/data/Develop/lean-longfellow/.lake/packages/importGraph/.lake/build/lib/lean:/data/Develop/lean-longfellow/.lake/packages/LeanSearchClient/.lake/build/lib/lean:/data/Develop/lean-longfellow/.lake/packages/plausible/.lake/build/lib/lean:/data/Develop/lean-longfellow/.lake/packages/mathlib/.lake/build/lib/lean:/data/Develop/lean-longfellow/.lake/build/lib/lean /home/alikvovk/.elan/toolchains/leanprover--lean4---v4.30.0-rc1/bin/lean /data/Develop/lean-longfellow/LeanLongfellow/FiatShamir/Transform.lean -o /data/Develop/lean-longfellow/.lake/build/lib/lean/LeanLongfellow/FiatShamir/Transform.olean -i /data/Develop/lean-longfellow/.lake/build/lib/lean/LeanLongfellow/FiatShamir/Transform.ilean -c /data/Develop/lean-longfellow/.lake/build/ir/LeanLongfellow/FiatShamir/Transform.c --setup /data/Develop/lean-longfellow/.lake/build/ir/LeanLongfellow/FiatShamir/Transform.setup.json --json",
   "level": "trace"}],
 "inputs":
 [["LeanLongfellow.FiatShamir.Transform:deps",
   [["deps",
     [["«lean-longfellow»/LeanLongfellow:extraDep",
       [["@«lean-longfellow»:extraDep", "00000000000006bb"]]],
      ["imports",
       [["LeanLongfellow.Sumcheck.Protocol transitive imports (legacy)",
         "dcfec54e3cc9986c"],
        ["LeanLongfellow.Sumcheck.Protocol:importAllArts", "c698421fb35964b3"],
        ["LeanLongfellow.Sumcheck.Completeness transitive imports (legacy)",
         "03276587015f99d8"],
        ["LeanLongfellow.Sumcheck.Completeness:importAllArts",
         "320c90cdf952b85d"],
        ["LeanLongfellow.FiatShamir.Oracle transitive imports (legacy)",
         "0ee049709c2ef2a7"],
        ["LeanLongfellow.FiatShamir.Oracle:importAllArts",
         "d5634e6f377bd5a2"]]]]],
    ["libs",
     [["import dynlibs", "00000000000006bb"],
      ["package external libraries", "00000000000006bb"],
      ["module dynlibs", "00000000000006bb"],
      ["module plugins", "00000000000006bb"]]]]],
  ["Lean 4.30.0, commit 714601baf118066cbf3f282361339c6d06665b2a",
   "a22979b798cee25b"],
  ["/data/Develop/lean-longfellow/LeanLongfellow/FiatShamir/Transform.lean",
   "1ccc0757f44fc0bb"],
  ["options", [["-DautoImplicit=false", "4a85acb881fd49d0"]]],
  ["isModule: false", "feefd2a0d3a1847e"],
  ["Module.name: LeanLongfellow.FiatShamir.Transform", "6658680e22c98f07"],
  ["Package.id?: (some lean-longfellow)", "799061dd9664657b"],
  ["Module.leanArgs: #[]", "00000000000006bb"]],
 "depHash": "4f464ebde57e0273"}